0 info it worked if it ends with ok
1 verbose cli [ '/Users/MXD/.meteor/packages/meteor-tool/.1.4.2_3.17jke3g++os.osx.x86_64+web.browser+web.cordova/mt-os.osx.x86_64/dev_bundle/bin/node',
1 verbose cli   '/Users/MXD/.meteor/packages/meteor-tool/.1.4.2_3.17jke3g++os.osx.x86_64+web.browser+web.cordova/mt-os.osx.x86_64/dev_bundle/bin/npm',
1 verbose cli   'install',
1 verbose cli   '--save',
1 verbose cli   '@angular' ]
2 info using npm@3.10.9
3 info using node@v4.6.2
4 silly loadCurrentTree Starting
5 silly install loadCurrentTree
6 silly install readLocalPackageData
7 silly fetchPackageMetaData @angular
8 silly fetchOtherPackageData @angular
9 silly cache add args [ '@angular', null ]
10 verbose cache add spec @angular
11 silly cache add parsed spec Result {
11 silly cache add   raw: '@angular',
11 silly cache add   scope: null,
11 silly cache add   escapedName: null,
11 silly cache add   name: null,
11 silly cache add   rawSpec: '@angular',
11 silly cache add   spec: '/Users/MXD/Desktop/PresPropsCap/Presidential_Properties_Capstone/PresPropsApp/@angular',
11 silly cache add   type: 'local' }
12 error addLocal Could not install /Users/MXD/Desktop/PresPropsCap/Presidential_Properties_Capstone/PresPropsApp/@angular
13 silly fetchPackageMetaData Error: ENOENT: no such file or directory, open '/Users/MXD/Desktop/PresPropsCap/Presidential_Properties_Capstone/PresPropsApp/@angular'
13 silly fetchPackageMetaData     at Error (native)
13 silly fetchPackageMetaData  error for @angular { [Error: ENOENT: no such file or directory, open '/Users/MXD/Desktop/PresPropsCap/Presidential_Properties_Capstone/PresPropsApp/@angular']
13 silly fetchPackageMetaData   errno: -2,
13 silly fetchPackageMetaData   code: 'ENOENT',
13 silly fetchPackageMetaData   syscall: 'open',
13 silly fetchPackageMetaData   path: '/Users/MXD/Desktop/PresPropsCap/Presidential_Properties_Capstone/PresPropsApp/@angular' }
14 silly rollbackFailedOptional Starting
15 silly rollbackFailedOptional Finishing
16 silly runTopLevelLifecycles Finishing
17 silly install printInstalled
18 verbose stack Error: ENOENT: no such file or directory, open '/Users/MXD/Desktop/PresPropsCap/Presidential_Properties_Capstone/PresPropsApp/@angular'
18 verbose stack     at Error (native)
19 verbose cwd /Users/MXD/Desktop/PresPropsCap/Presidential_Properties_Capstone/PresPropsApp
20 error Darwin 16.1.0
21 error argv "/Users/MXD/.meteor/packages/meteor-tool/.1.4.2_3.17jke3g++os.osx.x86_64+web.browser+web.cordova/mt-os.osx.x86_64/dev_bundle/bin/node" "/Users/MXD/.meteor/packages/meteor-tool/.1.4.2_3.17jke3g++os.osx.x86_64+web.browser+web.cordova/mt-os.osx.x86_64/dev_bundle/bin/npm" "install" "--save" "@angular"
22 error node v4.6.2
23 error npm  v3.10.9
24 error path /Users/MXD/Desktop/PresPropsCap/Presidential_Properties_Capstone/PresPropsApp/@angular
25 error code ENOENT
26 error errno -2
27 error syscall open
28 error enoent ENOENT: no such file or directory, open '/Users/MXD/Desktop/PresPropsCap/Presidential_Properties_Capstone/PresPropsApp/@angular'
29 error enoent ENOENT: no such file or directory, open '/Users/MXD/Desktop/PresPropsCap/Presidential_Properties_Capstone/PresPropsApp/@angular'
29 error enoent This is most likely not a problem with npm itself
29 error enoent and is related to npm not being able to find a file.
30 verbose exit [ -2, true ]
